Removed Pin From Net: NetName=3V3 Pin=SW1_sel-1
Removed Pin From Net: NetName=3V3 Pin=SW2_sel-1
Removed Pin From Net: NetName=3V3 Pin=SW3_sel-1
Removed Pin From Net: NetName=NetC13_2 Pin=U6-6
Added Component: Designator=R18(0805_RESISTOR)
Added Component: Designator=R19(0805_RESISTOR)
Added Component: Designator=U7(Display)
Added Pin To Net: NetName=NetC13_2 Pin=R18-1
Added Pin To Net: NetName=PTB9 Pin=U7-3
Added Pin To Net: NetName=PTA1 Pin=U7-4
Added Pin To Net: NetName=PTB23 Pin=U7-5
Added Pin To Net: NetName=PTA2 Pin=U7-6
Added Pin To Net: NetName=PTC2 Pin=U7-7
Added Pin To Net: NetName=PTC3 Pin=U7-8
Added Pin To Net: NetName=PTC12 Pin=U7-9
Added Pin To Net: NetName=PTC4 Pin=U7-10
Added Pin To Net: NetName=3V3 Pin=U7-18
Added Pin To Net: NetName=+5V Pin=U7-19
Added Pin To Net: NetName=GND Pin=U7-21
Added Pin To Net: NetName=PTB2 Pin=U7-23
Added Pin To Net: NetName=PTB3 Pin=U7-24
Added Pin To Net: NetName=PTB10 Pin=U7-25
Added Pin To Net: NetName=PTB11 Pin=U7-26
Added Pin To Net: NetName=PTC11 Pin=U7-27
Added Pin To Net: NetName=DAC Pin=R19-1
Added Pin To Net: NetName=DAC Pin=U8-J4-11
Added Net: Name=DAC
Added Pin To Net: NetName=NetR18_2 Pin=R18-2
Added Pin To Net: NetName=NetR18_2 Pin=R19-2
Added Pin To Net: NetName=NetR18_2 Pin=U6-6
Added Net: Name=NetR18_2
Added Member To Class: ClassName=Sheet1 Member=Component R18 220k
Added Member To Class: ClassName=Sheet1 Member=Component R19 0
Added Member To Class: ClassName=Sheet1 Member=Component U7 Display
Added Room: Name=Sheet1
