Added Component: Designator=U2(TO-220-3)
Added Component: Designator=U6(FRDMK64F)
Added Component: Designator=U?(TP0456)
Added Pin To Net: NetName=NetC1_1 Pin=U2-1
Added Pin To Net: NetName=GND Pin=U2-2
Added Pin To Net: NetName=+5V Pin=U2-3
Added Pin To Net: NetName=PTB9 Pin=U6-J1-6
Added Pin To Net: NetName=PTA1 Pin=U6-J1-8
Added Pin To Net: NetName=PTB23 Pin=U6-J1-10
Added Pin To Net: NetName=PTA2 Pin=U6-J1-12
Added Pin To Net: NetName=PTC2 Pin=U6-J1-14
Added Pin To Net: NetName=PTC3 Pin=U6-J1-16
Added Pin To Net: NetName=PTC12 Pin=U6-J2-2
Added Pin To Net: NetName=PTC4 Pin=U6-J2-4
Added Pin To Net: NetName=3V3 Pin=U6-J3-8
Added Pin To Net: NetName=PTB2 Pin=U6-J4-2
Added Pin To Net: NetName=PTB3 Pin=U6-J4-4
Added Pin To Net: NetName=PTB10 Pin=U6-J4-6
Added Pin To Net: NetName=PTB11 Pin=U6-J4-8
Added Pin To Net: NetName=PTC11 Pin=U6-J4-10
Added Pin To Net: NetName=PTC10 Pin=U6-J4-12
Added Pin To Net: NetName=GND Pin=U?-1
Added Pin To Net: NetName=BAT+ Pin=R16-2
Added Pin To Net: NetName=BAT+ Pin=U?-3
Added Net: Name=BAT+
Added Pin To Net: NetName=BAT- Pin=U?-2
Added Net: Name=BAT-
Added Member To Class: ClassName=Sheet2 Member=Component U2 L78
Added Member To Class: ClassName=Sheet2 Member=Component U6 FRDMK64F
Added Member To Class: ClassName=Sheet2 Member=Component U? TP4056
