Added Component: Designator=C1(CAP_CER_THT)
Added Component: Designator=C2(CAP_CER_THT)
Added Component: Designator=C3(CAP_THT)
Added Component: Designator=C4(CAP_THT)
Added Component: Designator=C5(CAP_CER_THT)
Added Component: Designator=C7(CAP_CER_THT)
Added Component: Designator=C8(CAP_TRIMM_THT)
Added Component: Designator=C9(CAP_CER_THT)
Added Component: Designator=C10(CAP_TRIMM_THT)
Added Component: Designator=C11(CAP_CER_THT)
Added Component: Designator=C12(CAP_CER_THT)
Added Component: Designator=C13(CAP_CER_THT)
Added Component: Designator=C14(CAP_CER_THT)
Added Component: Designator=R2(RES_THT)
Added Component: Designator=R3(RES_THT)
Added Component: Designator=R4(RES_THT)
Added Component: Designator=R5(RES_THT)
Added Component: Designator=R6(RES_THT)
Added Component: Designator=R7(RES_THT)
Added Component: Designator=R8(RES_THT)
Added Component: Designator=R9(RES_THT)
Added Component: Designator=R10(RES_THT)
Added Component: Designator=R11(RES_THT)
Added Component: Designator=R12(RES_THT)
Added Component: Designator=R13(RES_THT)
Added Component: Designator=R14(RES_THT)
Added Component: Designator=R15(RES_THT)
Added Component: Designator=R16(RES_THT)
Added Component: Designator=R17(RES_THT)
Added Component: Designator=SW1(SW)
Added Component: Designator=SW2(SW)
Added Component: Designator=SW3(SW)
Added Component: Designator=U2(7805_DPAK)
Added Component: Designator=U3(8 -PDIP)
Added Component: Designator=U4(14-PDIP)
Added Component: Designator=U5(14-PDIP)
Added Component: Designator=U6(FRDMK64F)
Added Component: Designator=U7(Display)
Added Pin To Net: NetName=+5V Pin=C2-1
Added Pin To Net: NetName=+5V Pin=U2-2
Added Pin To Net: NetName=+5V Pin=U3-8
Added Pin To Net: NetName=+5V Pin=U4-4
Added Pin To Net: NetName=+5V Pin=U7-19
Added Net: Name=+5V
Added Pin To Net: NetName=-5V Pin=C4-1
Added Pin To Net: NetName=-5V Pin=R9-2
Added Pin To Net: NetName=-5V Pin=U3-5
Added Pin To Net: NetName=-5V Pin=U4-11
Added Net: Name=-5V
Added Pin To Net: NetName=3.3V Pin=U5-4
Added Net: Name=3.3V
Added Pin To Net: NetName=3V3 Pin=U6-J3-4
Added Pin To Net: NetName=3V3 Pin=U7-18
Added Net: Name=3V3
Added Pin To Net: NetName=BAT Pin=R16-2
Added Net: Name=BAT
Added Pin To Net: NetName=GND Pin=C1-2
Added Pin To Net: NetName=GND Pin=C2-2
Added Pin To Net: NetName=GND Pin=C4-2
Added Pin To Net: NetName=GND Pin=C8-2
Added Pin To Net: NetName=GND Pin=C10-2
Added Pin To Net: NetName=GND Pin=C11-2
Added Pin To Net: NetName=GND Pin=C12-2
Added Pin To Net: NetName=GND Pin=C14-2
Added Pin To Net: NetName=GND Pin=R3-1
Added Pin To Net: NetName=GND Pin=R5-1
Added Pin To Net: NetName=GND Pin=R7-1
Added Pin To Net: NetName=GND Pin=R10-2
Added Pin To Net: NetName=GND Pin=R17-2
Added Pin To Net: NetName=GND Pin=U2-1
Added Pin To Net: NetName=GND Pin=U3-3
Added Pin To Net: NetName=GND Pin=U5-11
Added Pin To Net: NetName=GND Pin=U7-21
Added Net: Name=GND
Added Pin To Net: NetName=Input Pin=C5-1
Added Pin To Net: NetName=Input Pin=SW1-1
Added Net: Name=Input
Added Pin To Net: NetName=NetC1_1 Pin=C1-1
Added Pin To Net: NetName=NetC1_1 Pin=U2-3
Added Net: Name=NetC1_1
Added Pin To Net: NetName=NetC3_1 Pin=C3-1
Added Pin To Net: NetName=NetC3_1 Pin=U3-4
Added Net: Name=NetC3_1
Added Pin To Net: NetName=NetC3_2 Pin=C3-2
Added Pin To Net: NetName=NetC3_2 Pin=U3-2
Added Net: Name=NetC3_2
Added Pin To Net: NetName=NetC5_2 Pin=C5-2
Added Pin To Net: NetName=NetC5_2 Pin=SW1-3
Added Net: Name=NetC5_2
Added Pin To Net: NetName=NetC7_1 Pin=C7-1
Added Pin To Net: NetName=NetC7_1 Pin=C9-1
Added Pin To Net: NetName=NetC7_1 Pin=R2-1
Added Pin To Net: NetName=NetC7_1 Pin=R4-1
Added Pin To Net: NetName=NetC7_1 Pin=SW1-2
Added Net: Name=NetC7_1
Added Pin To Net: NetName=NetC7_2 Pin=C7-2
Added Pin To Net: NetName=NetC7_2 Pin=C8-1
Added Pin To Net: NetName=NetC7_2 Pin=R2-2
Added Pin To Net: NetName=NetC7_2 Pin=R3-2
Added Pin To Net: NetName=NetC7_2 Pin=SW2-1
Added Net: Name=NetC7_2
Added Pin To Net: NetName=NetC9_2 Pin=C9-2
Added Pin To Net: NetName=NetC9_2 Pin=C10-1
Added Pin To Net: NetName=NetC9_2 Pin=C11-1
Added Pin To Net: NetName=NetC9_2 Pin=R4-2
Added Pin To Net: NetName=NetC9_2 Pin=R5-2
Added Pin To Net: NetName=NetC9_2 Pin=SW2-3
Added Net: Name=NetC9_2
Added Pin To Net: NetName=NetC13_1 Pin=C13-1
Added Pin To Net: NetName=NetC13_1 Pin=R14-2
Added Pin To Net: NetName=NetC13_1 Pin=U5-13
Added Net: Name=NetC13_1
Added Pin To Net: NetName=NetC14_1 Pin=C14-1
Added Pin To Net: NetName=NetC14_1 Pin=R16-1
Added Pin To Net: NetName=NetC14_1 Pin=R17-1
Added Net: Name=NetC14_1
Added Pin To Net: NetName=NetR6_1 Pin=R6-1
Added Pin To Net: NetName=NetR6_1 Pin=R7-2
Added Pin To Net: NetName=NetR6_1 Pin=SW3-3
Added Net: Name=NetR6_1
Added Pin To Net: NetName=NetR6_2 Pin=R6-2
Added Pin To Net: NetName=NetR6_2 Pin=SW3-1
Added Pin To Net: NetName=NetR6_2 Pin=U4-1
Added Pin To Net: NetName=NetR6_2 Pin=U4-2
Added Net: Name=NetR6_2
Added Pin To Net: NetName=NetR8_1 Pin=R8-1
Added Pin To Net: NetName=NetR8_1 Pin=R9-1
Added Pin To Net: NetName=NetR8_1 Pin=R10-1
Added Pin To Net: NetName=NetR8_1 Pin=U4-13
Added Net: Name=NetR8_1
Added Pin To Net: NetName=NetR12_2 Pin=R12-2
Added Pin To Net: NetName=NetR12_2 Pin=R13-1
Added Pin To Net: NetName=NetR12_2 Pin=U5-12
Added Net: Name=NetR12_2
Added Pin To Net: NetName=NetR13_2 Pin=R13-2
Added Pin To Net: NetName=NetR13_2 Pin=R15-1
Added Pin To Net: NetName=NetR13_2 Pin=U5-14
Added Net: Name=NetR13_2
Added Pin To Net: NetName=NetSW2_2 Pin=SW2-2
Added Pin To Net: NetName=NetSW2_2 Pin=U4-3
Added Net: Name=NetSW2_2
Added Pin To Net: NetName=NetSW3_2 Pin=SW3-2
Added Pin To Net: NetName=NetSW3_2 Pin=U4-12
Added Net: Name=NetSW3_2
Added Pin To Net: NetName=Out_offset Pin=R8-2
Added Pin To Net: NetName=Out_offset Pin=R11-2
Added Pin To Net: NetName=Out_offset Pin=R12-1
Added Pin To Net: NetName=Out_offset Pin=U4-14
Added Net: Name=Out_offset
Added Pin To Net: NetName=PTA1 Pin=U6-J1-8
Added Pin To Net: NetName=PTA1 Pin=U7-4
Added Net: Name=PTA1
Added Pin To Net: NetName=PTA2 Pin=U6-J1-12
Added Pin To Net: NetName=PTA2 Pin=U7-6
Added Net: Name=PTA2
Added Pin To Net: NetName=PTB2 Pin=U6-J4-2
Added Pin To Net: NetName=PTB2 Pin=U7-23
Added Net: Name=PTB2
Added Pin To Net: NetName=PTB3 Pin=U6-J4-4
Added Pin To Net: NetName=PTB3 Pin=U7-24
Added Net: Name=PTB3
Added Pin To Net: NetName=PTB9 Pin=U6-J1-6
Added Pin To Net: NetName=PTB9 Pin=U7-3
Added Net: Name=PTB9
Added Pin To Net: NetName=PTB10 Pin=U6-J4-6
Added Pin To Net: NetName=PTB10 Pin=U7-25
Added Net: Name=PTB10
Added Pin To Net: NetName=PTB11 Pin=U6-J4-8
Added Pin To Net: NetName=PTB11 Pin=U7-26
Added Net: Name=PTB11
Added Pin To Net: NetName=PTB23 Pin=U6-J1-10
Added Pin To Net: NetName=PTB23 Pin=U7-5
Added Net: Name=PTB23
Added Pin To Net: NetName=PTC2 Pin=U6-J1-14
Added Pin To Net: NetName=PTC2 Pin=U7-7
Added Net: Name=PTC2
Added Pin To Net: NetName=PTC3 Pin=U6-J1-16
Added Pin To Net: NetName=PTC3 Pin=U7-8
Added Net: Name=PTC3
Added Pin To Net: NetName=PTC4 Pin=U6-J2-4
Added Pin To Net: NetName=PTC4 Pin=U7-10
Added Net: Name=PTC4
Added Pin To Net: NetName=PTC10 Pin=C12-1
Added Pin To Net: NetName=PTC10 Pin=R11-1
Added Pin To Net: NetName=PTC10 Pin=U6-J4-12
Added Net: Name=PTC10
Added Pin To Net: NetName=PTC11 Pin=U6-J4-10
Added Pin To Net: NetName=PTC11 Pin=U7-27
Added Net: Name=PTC11
Added Pin To Net: NetName=PTC12 Pin=U6-J2-2
Added Pin To Net: NetName=PTC12 Pin=U7-9
Added Net: Name=PTC12
Added Pin To Net: NetName=PWM Pin=R14-1
Added Net: Name=PWM
Added Pin To Net: NetName=TRIG Pin=R15-2
Added Net: Name=TRIG
Added Class: Name=Sheet2
Added Room: Name=Sheet2
